<?xml version="1.0" encoding="utf-8"?>
<testsuite errors="0" failures="1" name="mypy" skips="0" tests="1" time="1.002">
  <testcase classname="mypy" file="mypy" line="1" name="mypy-py3_10-linux" time="1.002">
    <failure message="mypy produced messages">mymodule.py:1: error: Function is missing a return type annotation 
[no-untyped-def]
    def somefunction():
    ^</failure>
  </testcase>
</testsuite>
